<?xml version="1.0" encoding="UTF-8"?>
<!-- Generated by org.testng.reporters.JUnitXMLReporter -->
<testsuite ignored="0" hostname="DESKTOP-HL2RFJO" failures="0" tests="13" name="Test" time="32.041" errors="0" timestamp="2025-04-01T11:22:11 IST">
  <testcase classname="web.demoblaze.testlayer.A_Registerpage_Test" name="Verify_Signuppage_Closebutton" time="1.009"/>
  <testcase classname="web.demoblaze.testlayer.A_Registerpage_Test" name="Verify_clickSignuppage_without_username_password" time="0.444"/>
  <testcase classname="web.demoblaze.testlayer.A_Registerpage_Test" name="Verify_Signuppage_without_password" time="0.376"/>
  <testcase classname="web.demoblaze.testlayer.A_Registerpage_Test" name="Verify_Signuppage_without_Username" time="0.276"/>
  <testcase classname="web.demoblaze.testlayer.A_Registerpage_Test" name="Verify_Signuppage_with_Username_Password_Already_Exit" time="1.488"/>
  <testcase classname="web.demoblaze.testlayer.A_Registerpage_Test" name="Verify_Signuppage_with_Username_Password" time="0.801"/>
  <testcase classname="web.demoblaze.testlayer.B_Loginpage_Test" name="Verify_Loginpage_Closebutton" time="1.026"/>
  <testcase classname="web.demoblaze.testlayer.B_Loginpage_Test" name="Verify_Loginpage_Without_UsernamePassword" time="0.414"/>
  <testcase classname="web.demoblaze.testlayer.B_Loginpage_Test" name="Verify_Loginpage_Without_Password" time="0.443"/>
  <testcase classname="web.demoblaze.testlayer.B_Loginpage_Test" name="Verify_Loginpage_Without_Username" time="0.36"/>
  <testcase classname="web.demoblaze.testlayer.B_Loginpage_Test" name="Verify_Loginpage_With_UsernamePassword_notexist" time="1.495"/>
  <testcase classname="web.demoblaze.testlayer.B_Loginpage_Test" name="Verify_Loginpage_With_UsernamePassword" time="0.244"/>
  <testcase classname="web.demoblaze.testlayer.C_CartpageTest" name="addToCartProduct" time="5.749"/>
</testsuite> <!-- Test -->
