<?xml version="1.0" encoding="UTF-8"?>
<!-- Generated by org.testng.reporters.JUnitXMLReporter -->
<testsuite ignored="0" hostname="DESKTOP-HL2RFJO" failures="0" tests="13" name="Test" time="30.821" errors="0" timestamp="2025-04-01T15:10:56 IST">
  <testcase classname="web.demoblaze.testlayer.A_Registerpage_Test" name="Verify_Signuppage_Closebutton" time="0.929"/>
  <testcase classname="web.demoblaze.testlayer.A_Registerpage_Test" name="Verify_clickSignuppage_without_username_password" time="0.4"/>
  <testcase classname="web.demoblaze.testlayer.A_Registerpage_Test" name="Verify_Signuppage_without_password" time="0.366"/>
  <testcase classname="web.demoblaze.testlayer.A_Registerpage_Test" name="Verify_Signuppage_without_Username" time="0.272"/>
  <testcase classname="web.demoblaze.testlayer.A_Registerpage_Test" name="Verify_Signuppage_with_Username_Password_Already_Exit" time="1.515"/>
  <testcase classname="web.demoblaze.testlayer.A_Registerpage_Test" name="Verify_Signuppage_with_Username_Password" time="0.791"/>
  <testcase classname="web.demoblaze.testlayer.B_Loginpage_Test" name="Verify_Loginpage_Closebutton" time="1.093"/>
  <testcase classname="web.demoblaze.testlayer.B_Loginpage_Test" name="Verify_Loginpage_Without_UsernamePassword" time="0.345"/>
  <testcase classname="web.demoblaze.testlayer.B_Loginpage_Test" name="Verify_Loginpage_Without_Password" time="0.418"/>
  <testcase classname="web.demoblaze.testlayer.B_Loginpage_Test" name="Verify_Loginpage_Without_Username" time="0.305"/>
  <testcase classname="web.demoblaze.testlayer.B_Loginpage_Test" name="Verify_Loginpage_With_UsernamePassword_notexist" time="1.492"/>
  <testcase classname="web.demoblaze.testlayer.B_Loginpage_Test" name="Verify_Loginpage_With_UsernamePassword" time="0.249"/>
  <testcase classname="web.demoblaze.testlayer.C_CartpageTest" name="addToCartProduct" time="5.744"/>
</testsuite> <!-- Test -->
