<?xml version="1.0" encoding="UTF-8"?>
<testng-results ignored="0" total="13" passed="13" failed="0" skipped="0">
  <reporter-output>
  </reporter-output>
  <suite started-at="2025-04-01T15:10:26 IST" name="Suite" finished-at="2025-04-01T15:10:56 IST" duration-ms="30821">
    <groups>
    </groups>
    <test started-at="2025-04-01T15:10:26 IST" name="Test" finished-at="2025-04-01T15:10:56 IST" duration-ms="30821">
      <class name="web.demoblaze.testlayer.B_Loginpage_Test">
        <test-method is-config="true" signature="setup()[pri:0, instance:web.demoblaze.testlayer.B_Loginpage_Test@7bd7d6d6]" started-at="2025-04-01T15:10:38 IST" name="setup" finished-at="2025-04-01T15:10:42 IST" duration-ms="4054" status="PASS">
          <reporter-output>
          </reporter-output>
        </test-method> <!-- setup -->
        <test-method signature="Verify_Loginpage_Closebutton()[pri:1, instance:web.demoblaze.testlayer.B_Loginpage_Test@7bd7d6d6]" started-at="2025-04-01T15:10:42 IST" name="Verify_Loginpage_Closebutton" finished-at="2025-04-01T15:10:43 IST" duration-ms="1093" status="PASS">
          <reporter-output>
          </reporter-output>
        </test-method> <!-- Verify_Loginpage_Closebutton -->
        <test-method signature="Verify_Loginpage_Without_UsernamePassword()[pri:2, instance:web.demoblaze.testlayer.B_Loginpage_Test@7bd7d6d6]" started-at="2025-04-01T15:10:43 IST" name="Verify_Loginpage_Without_UsernamePassword" finished-at="2025-04-01T15:10:44 IST" duration-ms="345" status="PASS">
          <reporter-output>
          </reporter-output>
        </test-method> <!-- Verify_Loginpage_Without_UsernamePassword -->
        <test-method signature="Verify_Loginpage_Without_Password()[pri:3, instance:web.demoblaze.testlayer.B_Loginpage_Test@7bd7d6d6]" started-at="2025-04-01T15:10:44 IST" name="Verify_Loginpage_Without_Password" finished-at="2025-04-01T15:10:44 IST" duration-ms="418" status="PASS">
          <reporter-output>
          </reporter-output>
        </test-method> <!-- Verify_Loginpage_Without_Password -->
        <test-method signature="Verify_Loginpage_Without_Username()[pri:4, instance:web.demoblaze.testlayer.B_Loginpage_Test@7bd7d6d6]" started-at="2025-04-01T15:10:44 IST" name="Verify_Loginpage_Without_Username" finished-at="2025-04-01T15:10:44 IST" duration-ms="305" status="PASS">
          <reporter-output>
          </reporter-output>
        </test-method> <!-- Verify_Loginpage_Without_Username -->
        <test-method signature="Verify_Loginpage_With_UsernamePassword_notexist()[pri:5, instance:web.demoblaze.testlayer.B_Loginpage_Test@7bd7d6d6]" started-at="2025-04-01T15:10:44 IST" name="Verify_Loginpage_With_UsernamePassword_notexist" finished-at="2025-04-01T15:10:46 IST" duration-ms="1492" status="PASS">
          <reporter-output>
          </reporter-output>
        </test-method> <!-- Verify_Loginpage_With_UsernamePassword_notexist -->
        <test-method signature="Verify_Loginpage_With_UsernamePassword()[pri:6, instance:web.demoblaze.testlayer.B_Loginpage_Test@7bd7d6d6]" started-at="2025-04-01T15:10:46 IST" name="Verify_Loginpage_With_UsernamePassword" finished-at="2025-04-01T15:10:46 IST" duration-ms="249" status="PASS">
          <reporter-output>
          </reporter-output>
        </test-method> <!-- Verify_Loginpage_With_UsernamePassword -->
        <test-method is-config="true" signature="logout()[pri:0, instance:web.demoblaze.testlayer.B_Loginpage_Test@7bd7d6d6]" started-at="2025-04-01T15:10:46 IST" name="logout" finished-at="2025-04-01T15:10:46 IST" duration-ms="198" status="PASS">
          <reporter-output>
          </reporter-output>
        </test-method> <!-- logout -->
      </class> <!-- web.demoblaze.testlayer.B_Loginpage_Test -->
      <class name="web.demoblaze.testlayer.A_Registerpage_Test">
        <test-method is-config="true" signature="setup()[pri:0, instance:web.demoblaze.testlayer.A_Registerpage_Test@710636b0]" started-at="2025-04-01T15:10:26 IST" name="setup" finished-at="2025-04-01T15:10:34 IST" duration-ms="8044" status="PASS">
          <reporter-output>
          </reporter-output>
        </test-method> <!-- setup -->
        <test-method signature="Verify_Signuppage_Closebutton()[pri:1, instance:web.demoblaze.testlayer.A_Registerpage_Test@710636b0]" started-at="2025-04-01T15:10:34 IST" name="Verify_Signuppage_Closebutton" finished-at="2025-04-01T15:10:35 IST" duration-ms="929" status="PASS">
          <reporter-output>
          </reporter-output>
        </test-method> <!-- Verify_Signuppage_Closebutton -->
        <test-method signature="Verify_clickSignuppage_without_username_password()[pri:2, instance:web.demoblaze.testlayer.A_Registerpage_Test@710636b0]" started-at="2025-04-01T15:10:35 IST" name="Verify_clickSignuppage_without_username_password" finished-at="2025-04-01T15:10:35 IST" duration-ms="400" status="PASS">
          <reporter-output>
          </reporter-output>
        </test-method> <!-- Verify_clickSignuppage_without_username_password -->
        <test-method signature="Verify_Signuppage_without_password()[pri:3, instance:web.demoblaze.testlayer.A_Registerpage_Test@710636b0]" started-at="2025-04-01T15:10:35 IST" name="Verify_Signuppage_without_password" finished-at="2025-04-01T15:10:35 IST" duration-ms="366" status="PASS">
          <reporter-output>
          </reporter-output>
        </test-method> <!-- Verify_Signuppage_without_password -->
        <test-method signature="Verify_Signuppage_without_Username()[pri:4, instance:web.demoblaze.testlayer.A_Registerpage_Test@710636b0]" started-at="2025-04-01T15:10:35 IST" name="Verify_Signuppage_without_Username" finished-at="2025-04-01T15:10:36 IST" duration-ms="272" status="PASS">
          <reporter-output>
          </reporter-output>
        </test-method> <!-- Verify_Signuppage_without_Username -->
        <test-method signature="Verify_Signuppage_with_Username_Password_Already_Exit()[pri:5, instance:web.demoblaze.testlayer.A_Registerpage_Test@710636b0]" started-at="2025-04-01T15:10:36 IST" name="Verify_Signuppage_with_Username_Password_Already_Exit" finished-at="2025-04-01T15:10:37 IST" duration-ms="1515" status="PASS">
          <reporter-output>
          </reporter-output>
        </test-method> <!-- Verify_Signuppage_with_Username_Password_Already_Exit -->
        <test-method signature="Verify_Signuppage_with_Username_Password()[pri:6, instance:web.demoblaze.testlayer.A_Registerpage_Test@710636b0]" started-at="2025-04-01T15:10:37 IST" name="Verify_Signuppage_with_Username_Password" finished-at="2025-04-01T15:10:38 IST" duration-ms="791" status="PASS">
          <reporter-output>
          </reporter-output>
        </test-method> <!-- Verify_Signuppage_with_Username_Password -->
        <test-method is-config="true" signature="logout()[pri:0, instance:web.demoblaze.testlayer.A_Registerpage_Test@710636b0]" started-at="2025-04-01T15:10:38 IST" name="logout" finished-at="2025-04-01T15:10:38 IST" duration-ms="246" status="PASS">
          <reporter-output>
          </reporter-output>
        </test-method> <!-- logout -->
      </class> <!-- web.demoblaze.testlayer.A_Registerpage_Test -->
      <class name="web.demoblaze.testlayer.C_CartpageTest">
        <test-method is-config="true" signature="setup()[pri:0, instance:web.demoblaze.testlayer.C_CartpageTest@43f02ef2]" started-at="2025-04-01T15:10:46 IST" name="setup" finished-at="2025-04-01T15:10:50 IST" duration-ms="3730" status="PASS">
          <reporter-output>
          </reporter-output>
        </test-method> <!-- setup -->
        <test-method signature="addToCartProduct()[pri:1, instance:web.demoblaze.testlayer.C_CartpageTest@43f02ef2]" started-at="2025-04-01T15:10:50 IST" name="addToCartProduct" finished-at="2025-04-01T15:10:56 IST" duration-ms="5744" status="PASS">
          <reporter-output>
          </reporter-output>
        </test-method> <!-- addToCartProduct -->
        <test-method is-config="true" signature="logout()[pri:0, instance:web.demoblaze.testlayer.C_CartpageTest@43f02ef2]" started-at="2025-04-01T15:10:56 IST" name="logout" finished-at="2025-04-01T15:10:56 IST" duration-ms="463" status="PASS">
          <reporter-output>
          </reporter-output>
        </test-method> <!-- logout -->
      </class> <!-- web.demoblaze.testlayer.C_CartpageTest -->
    </test> <!-- Test -->
  </suite> <!-- Suite -->
</testng-results>
