<?xml version="1.0" encoding="UTF-8"?>
<testng-results ignored="0" total="13" passed="13" failed="0" skipped="0">
  <reporter-output>
  </reporter-output>
  <suite started-at="2025-04-01T11:21:39 IST" name="Suite" finished-at="2025-04-01T11:22:11 IST" duration-ms="32041">
    <groups>
    </groups>
    <test started-at="2025-04-01T11:21:39 IST" name="Test" finished-at="2025-04-01T11:22:11 IST" duration-ms="32041">
      <class name="web.demoblaze.testlayer.B_Loginpage_Test">
        <test-method is-config="true" signature="setup()[pri:0, instance:web.demoblaze.testlayer.B_Loginpage_Test@7bd7d6d6]" started-at="2025-04-01T11:21:52 IST" name="setup" finished-at="2025-04-01T11:21:57 IST" duration-ms="4215" status="PASS">
          <reporter-output>
          </reporter-output>
        </test-method> <!-- setup -->
        <test-method signature="Verify_Loginpage_Closebutton()[pri:1, instance:web.demoblaze.testlayer.B_Loginpage_Test@7bd7d6d6]" started-at="2025-04-01T11:21:57 IST" name="Verify_Loginpage_Closebutton" finished-at="2025-04-01T11:21:58 IST" duration-ms="1026" status="PASS">
          <reporter-output>
          </reporter-output>
        </test-method> <!-- Verify_Loginpage_Closebutton -->
        <test-method signature="Verify_Loginpage_Without_UsernamePassword()[pri:2, instance:web.demoblaze.testlayer.B_Loginpage_Test@7bd7d6d6]" started-at="2025-04-01T11:21:58 IST" name="Verify_Loginpage_Without_UsernamePassword" finished-at="2025-04-01T11:21:58 IST" duration-ms="414" status="PASS">
          <reporter-output>
          </reporter-output>
        </test-method> <!-- Verify_Loginpage_Without_UsernamePassword -->
        <test-method signature="Verify_Loginpage_Without_Password()[pri:3, instance:web.demoblaze.testlayer.B_Loginpage_Test@7bd7d6d6]" started-at="2025-04-01T11:21:58 IST" name="Verify_Loginpage_Without_Password" finished-at="2025-04-01T11:21:58 IST" duration-ms="443" status="PASS">
          <reporter-output>
          </reporter-output>
        </test-method> <!-- Verify_Loginpage_Without_Password -->
        <test-method signature="Verify_Loginpage_Without_Username()[pri:4, instance:web.demoblaze.testlayer.B_Loginpage_Test@7bd7d6d6]" started-at="2025-04-01T11:21:58 IST" name="Verify_Loginpage_Without_Username" finished-at="2025-04-01T11:21:59 IST" duration-ms="360" status="PASS">
          <reporter-output>
          </reporter-output>
        </test-method> <!-- Verify_Loginpage_Without_Username -->
        <test-method signature="Verify_Loginpage_With_UsernamePassword_notexist()[pri:5, instance:web.demoblaze.testlayer.B_Loginpage_Test@7bd7d6d6]" started-at="2025-04-01T11:21:59 IST" name="Verify_Loginpage_With_UsernamePassword_notexist" finished-at="2025-04-01T11:22:00 IST" duration-ms="1495" status="PASS">
          <reporter-output>
          </reporter-output>
        </test-method> <!-- Verify_Loginpage_With_UsernamePassword_notexist -->
        <test-method signature="Verify_Loginpage_With_UsernamePassword()[pri:6, instance:web.demoblaze.testlayer.B_Loginpage_Test@7bd7d6d6]" started-at="2025-04-01T11:22:00 IST" name="Verify_Loginpage_With_UsernamePassword" finished-at="2025-04-01T11:22:01 IST" duration-ms="244" status="PASS">
          <reporter-output>
          </reporter-output>
        </test-method> <!-- Verify_Loginpage_With_UsernamePassword -->
        <test-method is-config="true" signature="logout()[pri:0, instance:web.demoblaze.testlayer.B_Loginpage_Test@7bd7d6d6]" started-at="2025-04-01T11:22:01 IST" name="logout" finished-at="2025-04-01T11:22:01 IST" duration-ms="233" status="PASS">
          <reporter-output>
          </reporter-output>
        </test-method> <!-- logout -->
      </class> <!-- web.demoblaze.testlayer.B_Loginpage_Test -->
      <class name="web.demoblaze.testlayer.A_Registerpage_Test">
        <test-method is-config="true" signature="setup()[pri:0, instance:web.demoblaze.testlayer.A_Registerpage_Test@710636b0]" started-at="2025-04-01T11:21:39 IST" name="setup" finished-at="2025-04-01T11:21:48 IST" duration-ms="8358" status="PASS">
          <reporter-output>
          </reporter-output>
        </test-method> <!-- setup -->
        <test-method signature="Verify_Signuppage_Closebutton()[pri:1, instance:web.demoblaze.testlayer.A_Registerpage_Test@710636b0]" started-at="2025-04-01T11:21:48 IST" name="Verify_Signuppage_Closebutton" finished-at="2025-04-01T11:21:49 IST" duration-ms="1009" status="PASS">
          <reporter-output>
          </reporter-output>
        </test-method> <!-- Verify_Signuppage_Closebutton -->
        <test-method signature="Verify_clickSignuppage_without_username_password()[pri:2, instance:web.demoblaze.testlayer.A_Registerpage_Test@710636b0]" started-at="2025-04-01T11:21:49 IST" name="Verify_clickSignuppage_without_username_password" finished-at="2025-04-01T11:21:49 IST" duration-ms="444" status="PASS">
          <reporter-output>
          </reporter-output>
        </test-method> <!-- Verify_clickSignuppage_without_username_password -->
        <test-method signature="Verify_Signuppage_without_password()[pri:3, instance:web.demoblaze.testlayer.A_Registerpage_Test@710636b0]" started-at="2025-04-01T11:21:49 IST" name="Verify_Signuppage_without_password" finished-at="2025-04-01T11:21:49 IST" duration-ms="376" status="PASS">
          <reporter-output>
          </reporter-output>
        </test-method> <!-- Verify_Signuppage_without_password -->
        <test-method signature="Verify_Signuppage_without_Username()[pri:4, instance:web.demoblaze.testlayer.A_Registerpage_Test@710636b0]" started-at="2025-04-01T11:21:49 IST" name="Verify_Signuppage_without_Username" finished-at="2025-04-01T11:21:50 IST" duration-ms="276" status="PASS">
          <reporter-output>
          </reporter-output>
        </test-method> <!-- Verify_Signuppage_without_Username -->
        <test-method signature="Verify_Signuppage_with_Username_Password_Already_Exit()[pri:5, instance:web.demoblaze.testlayer.A_Registerpage_Test@710636b0]" started-at="2025-04-01T11:21:50 IST" name="Verify_Signuppage_with_Username_Password_Already_Exit" finished-at="2025-04-01T11:21:51 IST" duration-ms="1488" status="PASS">
          <reporter-output>
          </reporter-output>
        </test-method> <!-- Verify_Signuppage_with_Username_Password_Already_Exit -->
        <test-method signature="Verify_Signuppage_with_Username_Password()[pri:6, instance:web.demoblaze.testlayer.A_Registerpage_Test@710636b0]" started-at="2025-04-01T11:21:51 IST" name="Verify_Signuppage_with_Username_Password" finished-at="2025-04-01T11:21:52 IST" duration-ms="801" status="PASS">
          <reporter-output>
          </reporter-output>
        </test-method> <!-- Verify_Signuppage_with_Username_Password -->
        <test-method is-config="true" signature="logout()[pri:0, instance:web.demoblaze.testlayer.A_Registerpage_Test@710636b0]" started-at="2025-04-01T11:21:52 IST" name="logout" finished-at="2025-04-01T11:21:52 IST" duration-ms="255" status="PASS">
          <reporter-output>
          </reporter-output>
        </test-method> <!-- logout -->
      </class> <!-- web.demoblaze.testlayer.A_Registerpage_Test -->
      <class name="web.demoblaze.testlayer.C_CartpageTest">
        <test-method is-config="true" signature="setup()[pri:0, instance:web.demoblaze.testlayer.C_CartpageTest@43f02ef2]" started-at="2025-04-01T11:22:01 IST" name="setup" finished-at="2025-04-01T11:22:05 IST" duration-ms="4379" status="PASS">
          <reporter-output>
          </reporter-output>
        </test-method> <!-- setup -->
        <test-method signature="addToCartProduct()[pri:1, instance:web.demoblaze.testlayer.C_CartpageTest@43f02ef2]" started-at="2025-04-01T11:22:05 IST" name="addToCartProduct" finished-at="2025-04-01T11:22:11 IST" duration-ms="5749" status="PASS">
          <reporter-output>
          </reporter-output>
        </test-method> <!-- addToCartProduct -->
        <test-method is-config="true" signature="logout()[pri:0, instance:web.demoblaze.testlayer.C_CartpageTest@43f02ef2]" started-at="2025-04-01T11:22:11 IST" name="logout" finished-at="2025-04-01T11:22:11 IST" duration-ms="303" status="PASS">
          <reporter-output>
          </reporter-output>
        </test-method> <!-- logout -->
      </class> <!-- web.demoblaze.testlayer.C_CartpageTest -->
    </test> <!-- Test -->
  </suite> <!-- Suite -->
</testng-results>
